<?xml version="1.0" encoding="UTF-8"?>
<testng-results ignored="0" total="2" passed="2" failed="0" skipped="0">
  <reporter-output>
  </reporter-output>
  <suite started-at="2022-09-22T16:34:17 IST" name="Velocity_Suite" finished-at="2022-09-22T16:34:55 IST" duration-ms="37718">
    <groups>
    </groups>
    <test started-at="2022-09-22T16:34:17 IST" name="Test" finished-at="2022-09-22T16:34:55 IST" duration-ms="37718">
      <class name="pack1.TestNg">
        <test-method is-config="true" signature="launchTheBrowser()[pri:0, instance:pack1.TestNg@d5b810e]" started-at="2022-09-22T16:34:17 IST" name="launchTheBrowser" finished-at="2022-09-22T16:34:18 IST" duration-ms="1328" status="PASS">
          <reporter-output>
          </reporter-output>
        </test-method> <!-- launchTheBrowser -->
        <test-method is-config="true" signature="openPractisePage()[pri:0, instance:pack1.TestNg@d5b810e]" started-at="2022-09-22T16:34:18 IST" name="openPractisePage" finished-at="2022-09-22T16:34:26 IST" duration-ms="7256" status="PASS">
          <reporter-output>
          </reporter-output>
        </test-method> <!-- openPractisePage -->
        <test-method signature="verifyTheRadioButtont()[pri:0, instance:pack1.TestNg@d5b810e]" started-at="2022-09-22T16:34:26 IST" name="verifyTheRadioButtont" finished-at="2022-09-22T16:34:26 IST" duration-ms="75" status="PASS">
          <reporter-output>
          </reporter-output>
        </test-method> <!-- verifyTheRadioButtont -->
        <test-method is-config="true" signature="logOut()[pri:0, instance:pack1.TestNg@d5b810e]" started-at="2022-09-22T16:34:26 IST" name="logOut" finished-at="2022-09-22T16:34:26 IST" duration-ms="0" status="PASS">
          <reporter-output>
          </reporter-output>
        </test-method> <!-- logOut -->
        <test-method is-config="true" signature="closebrowser()[pri:0, instance:pack1.TestNg@d5b810e]" started-at="2022-09-22T16:34:26 IST" name="closebrowser" finished-at="2022-09-22T16:34:26 IST" duration-ms="150" status="PASS">
          <reporter-output>
          </reporter-output>
        </test-method> <!-- closebrowser -->
      </class> <!-- pack1.TestNg -->
      <class name="pack1.TestNg2">
        <test-method is-config="true" signature="launchTheBrowser()[pri:0, instance:pack1.TestNg2@5a56cdac]" started-at="2022-09-22T16:34:26 IST" name="launchTheBrowser" finished-at="2022-09-22T16:34:27 IST" duration-ms="745" status="PASS">
          <reporter-output>
          </reporter-output>
        </test-method> <!-- launchTheBrowser -->
        <test-method is-config="true" signature="openPractisePage()[pri:0, instance:pack1.TestNg2@5a56cdac]" started-at="2022-09-22T16:34:27 IST" name="openPractisePage" finished-at="2022-09-22T16:34:55 IST" duration-ms="27879" status="PASS">
          <reporter-output>
          </reporter-output>
        </test-method> <!-- openPractisePage -->
        <test-method signature="verifyTheCountryBox()[pri:0, instance:pack1.TestNg2@5a56cdac]" started-at="2022-09-22T16:34:55 IST" name="verifyTheCountryBox" finished-at="2022-09-22T16:34:55 IST" duration-ms="48" status="PASS">
          <reporter-output>
          </reporter-output>
        </test-method> <!-- verifyTheCountryBox -->
        <test-method is-config="true" signature="logOut()[pri:0, instance:pack1.TestNg2@5a56cdac]" started-at="2022-09-22T16:34:55 IST" name="logOut" finished-at="2022-09-22T16:34:55 IST" duration-ms="0" status="PASS">
          <reporter-output>
          </reporter-output>
        </test-method> <!-- logOut -->
        <test-method is-config="true" signature="closebrowser()[pri:0, instance:pack1.TestNg2@5a56cdac]" started-at="2022-09-22T16:34:55 IST" name="closebrowser" finished-at="2022-09-22T16:34:55 IST" duration-ms="186" status="PASS">
          <reporter-output>
          </reporter-output>
        </test-method> <!-- closebrowser -->
      </class> <!-- pack1.TestNg2 -->
    </test> <!-- Test -->
  </suite> <!-- Velocity_Suite -->
</testng-results>
