<?xml version="1.0" encoding="UTF-8"?>
<!-- Generated by org.testng.reporters.JUnitXMLReporter -->
<testsuite ignored="1" hostname="LAPTOP-RULS43T2" failures="0" tests="2" name="Chrome test" time="18.929" errors="0" timestamp="2022-10-08T17:16:05 IST">
  <testcase classname="test.testNg" name="verifyTheHelpCenter" time="1.581"/>
  <testcase classname="test.testNg" name="verifyTheReturnToMessengerButton" time="3.829"/>
  <testcase classname="test.testNg" name="checkTheLogin" time="0.0">
    <ignored/>
  </testcase> <!-- checkTheLogin -->
</testsuite> <!-- Chrome test -->
