<?xml version="1.0" encoding="UTF-8"?>
<!-- Generated by org.testng.reporters.JUnitXMLReporter -->
<testsuite ignored="1" hostname="LAPTOP-RULS43T2" failures="0" tests="2" name="Firefox test" time="14.909" errors="0" timestamp="2022-10-08T17:16:01 IST">
  <testcase classname="test.testNg" name="verifyTheHelpCenter" time="1.139"/>
  <testcase classname="test.testNg" name="verifyTheReturnToMessengerButton" time="0.825"/>
  <testcase classname="test.testNg" name="checkTheLogin" time="0.0">
    <ignored/>
  </testcase> <!-- checkTheLogin -->
</testsuite> <!-- Firefox test -->
